# JRE version: Java(TM) SE Runtime Environment (8.0_45-b15) (build 1.8.0_45-b15)
# Java VM: Java HotSpot(TM) Client VM (25.45-b02 mixed mode windows-x86 )
Heap:
 def new generation   total 68352K, used 65603K [0x03c00000, 0x08620000, 0x19150000)
  eden space 60800K,  95% used [0x03c00000, 0x074b0f60, 0x07760000)
  from space 7552K, 100% used [0x07760000, 0x07ec0000, 0x07ec0000)
  to   space 7552K,   0% used [0x07ec0000, 0x07ec0000, 0x08620000)
 tenured generation   total 151592K, used 138946K [0x19150000, 0x2255a000, 0x43c00000)
   the space 151592K,  91% used [0x19150000, 0x219008b0, 0x21900a00, 0x2255a000)
 Metaspace       used 42035K, capacity 43377K, committed 43392K, reserved 43392K
GC Heap History (10 events):
Event: 95.752 GC heap before
{Heap before GC invocations=147 (full 7):
 def new generation   total 68352K, used 62430K [0x03c00000, 0x08620000, 0x19150000)
  eden space 60800K, 100% used [0x03c00000, 0x07760000, 0x07760000)
  from space 7552K,  21% used [0x07ec0000, 0x080579a8, 0x08620000)
  to   space 7552K,   0% used [0x07760000, 0x07760000, 0x07ec0000)
 tenured generation   total 151592K, used 111323K [0x19150000, 0x2255a000, 0x43c00000)
   the space 151592K,  73% used [0x19150000, 0x1fe06c00, 0x1fe06c00, 0x2255a000)
 Metaspace       used 41629K, capacity 42904K, committed 43008K, reserved 43392K
Event: 95.768 GC heap after
Heap after GC invocations=148 (full 7):
 def new generation   total 68352K, used 2161K [0x03c00000, 0x08620000, 0x19150000)
  eden space 60800K,   0% used [0x03c00000, 0x03c00000, 0x07760000)
  from space 7552K,  28% used [0x07760000, 0x0797c610, 0x07ec0000)
  to   space 7552K,   0% used [0x07ec0000, 0x07ec0000, 0x08620000)
 tenured generation   total 151592K, used 111323K [0x19150000, 0x2255a000, 0x43c00000)
   the space 151592K,  73% used [0x19150000, 0x1fe06c00, 0x1fe06c00, 0x2255a000)
 Metaspace       used 41629K, capacity 42904K, committed 43008K, reserved 43392K
}
Event: 96.831 GC heap before
{Heap before GC invocations=148 (full 7):
 def new generation   total 68352K, used 62961K [0x03c00000, 0x08620000, 0x19150000)
  eden space 60800K, 100% used [0x03c00000, 0x07760000, 0x07760000)
  from space 7552K,  28% used [0x07760000, 0x0797c610, 0x07ec0000)
  to   space 7552K,   0% used [0x07ec0000, 0x07ec0000, 0x08620000)
 tenured generation   total 151592K, used 111323K [0x19150000, 0x2255a000, 0x43c00000)
   the space 151592K,  73% used [0x19150000, 0x1fe06c00, 0x1fe06c00, 0x2255a000)
 Metaspace       used 41639K, capacity 42921K, committed 43008K, reserved 43392K
Event: 96.848 GC heap after
Heap after GC invocations=149 (full 7):
 def new generation   total 68352K, used 4434K [0x03c00000, 0x08620000, 0x19150000)
  eden space 60800K,   0% used [0x03c00000, 0x03c00000, 0x07760000)
  from space 7552K,  58% used [0x07ec0000, 0x08314a08, 0x08620000)
  to   space 7552K,   0% used [0x07760000, 0x07760000, 0x07ec0000)
 tenured generation   total 151592K, used 111323K [0x19150000, 0x2255a000, 0x43c00000)
   the space 151592K,  73% used [0x19150000, 0x1fe06c00, 0x1fe06c00, 0x2255a000)
 Metaspace       used 41639K, capacity 42921K, committed 43008K, reserved 43392K
}
Event: 97.439 GC heap before
{Heap before GC invocations=149 (full 7):
 def new generation   total 68352K, used 65234K [0x03c00000, 0x08620000, 0x19150000)
  eden space 60800K, 100% used [0x03c00000, 0x07760000, 0x07760000)
  from space 7552K,  58% used [0x07ec0000, 0x08314a08, 0x08620000)
  to   space 7552K,   0% used [0x07760000, 0x07760000, 0x07ec0000)
 tenured generation   total 151592K, used 111323K [0x19150000, 0x2255a000, 0x43c00000)
   the space 151592K,  73% used [0x19150000, 0x1fe06c00, 0x1fe06c00, 0x2255a000)
 Metaspace       used 41678K, capacity 42984K, committed 43008K, reserved 43392K
Event: 97.462 GC heap after
Heap after GC invocations=150 (full 7):
 def new generation   total 68352K, used 6520K [0x03c00000, 0x08620000, 0x19150000)
  eden space 60800K,   0% used [0x03c00000, 0x03c00000, 0x07760000)
  from space 7552K,  86% used [0x07760000, 0x07dbe300, 0x07ec0000)
  to   space 7552K,   0% used [0x07ec0000, 0x07ec0000, 0x08620000)
 tenured generation   total 151592K, used 112322K [0x19150000, 0x2255a000, 0x43c00000)
   the space 151592K,  74% used [0x19150000, 0x1ff009d0, 0x1ff00a00, 0x2255a000)
 Metaspace       used 41678K, capacity 42984K, committed 43008K, reserved 43392K
}
Event: 98.416 GC heap before
{Heap before GC invocations=150 (full 7):
 def new generation   total 68352K, used 67320K [0x03c00000, 0x08620000, 0x19150000)
  eden space 60800K, 100% used [0x03c00000, 0x07760000, 0x07760000)
  from space 7552K,  86% used [0x07760000, 0x07dbe300, 0x07ec0000)
  to   space 7552K,   0% used [0x07ec0000, 0x07ec0000, 0x08620000)
 tenured generation   total 151592K, used 112322K [0x19150000, 0x2255a000, 0x43c00000)
   the space 151592K,  74% used [0x19150000, 0x1ff009d0, 0x1ff00a00, 0x2255a000)
 Metaspace       used 41731K, capacity 43052K, committed 43136K, reserved 43392K
Event: 98.467 GC heap after
Heap after GC invocations=151 (full 7):
 def new generation   total 68352K, used 7552K [0x03c00000, 0x08620000, 0x19150000)
  eden space 60800K,   0% used [0x03c00000, 0x03c00000, 0x07760000)
  from space 7552K, 100% used [0x07ec0000, 0x08620000, 0x08620000)
  to   space 7552K,   0% used [0x07760000, 0x07760000, 0x07ec0000)
 tenured generation   total 151592K, used 120350K [0x19150000, 0x2255a000, 0x43c00000)
   the space 151592K,  79% used [0x19150000, 0x206d7a58, 0x206d7c00, 0x2255a000)
 Metaspace       used 41731K, capacity 43052K, committed 43136K, reserved 43392K
}
Event: 98.997 GC heap before
{Heap before GC invocations=151 (full 7):
 def new generation   total 68352K, used 68352K [0x03c00000, 0x08620000, 0x19150000)
  eden space 60800K, 100% used [0x03c00000, 0x07760000, 0x07760000)
  from space 7552K, 100% used [0x07ec0000, 0x08620000, 0x08620000)
  to   space 7552K,   0% used [0x07760000, 0x07760000, 0x07ec0000)
 tenured generation   total 151592K, used 120350K [0x19150000, 0x2255a000, 0x43c00000)
   the space 151592K,  79% used [0x19150000, 0x206d7a58, 0x206d7c00, 0x2255a000)
 Metaspace       used 41870K, capacity 43214K, committed 43264K, reserved 43392K
Event: 99.104 GC heap after
Heap after GC invocations=152 (full 7):
 def new generation   total 68352K, used 7552K [0x03c00000, 0x08620000, 0x19150000)
  eden space 60800K,   0% used [0x03c00000, 0x03c00000, 0x07760000)
  from space 7552K, 100% used [0x07760000, 0x07ec0000, 0x07ec0000)
  to   space 7552K,   0% used [0x07ec0000, 0x07ec0000, 0x08620000)
 tenured generation   total 151592K, used 138946K [0x19150000, 0x2255a000, 0x43c00000)
   the space 151592K,  91% used [0x19150000, 0x219008b0, 0x21900a00, 0x2255a000)
 Metaspace       used 41870K, capacity 43214K, committed 43264K, reserved 43392K
}

